# JRE version: Java(TM) SE Runtime Environment (13.0.2+8) (build 13.0.2+8)
# Java VM: Java HotSpot(TM) 64-Bit Server VM (13.0.2+8, mixed mode, sharing, tiered, compressed oops, g1 gc, windows-amd64)
Heap:
 garbage-first heap   total 262144K, used 174180K [0x00000000e0000000, 0x0000000100000000)
  region size 1024K, 124 young (126976K), 4 survivors (4096K)
 Metaspace       used 71309K, capacity 73722K, committed 74020K, reserved 319488K
  class space    used 9278K, capacity 10081K, committed 10188K, reserved 253952K
GC Heap History (18 events):
Event: 1.712 GC heap before
{Heap before GC invocations=0 (full 0):
 garbage-first heap   total 262144K, used 19456K [0x00000000e0000000, 0x0000000100000000)
  region size 1024K, 14 young (14336K), 0 survivors (0K)
 Metaspace       used 2026K, capacity 5446K, committed 5760K, reserved 262144K
  class space    used 231K, capacity 580K, committed 640K, reserved 253952K
}
Event: 1.725 GC heap after
{Heap after GC invocations=1 (full 0):
 garbage-first heap   total 262144K, used 8025K [0x00000000e0000000, 0x0000000100000000)
  region size 1024K, 2 young (2048K), 2 survivors (2048K)
 Metaspace       used 2026K, capacity 5446K, committed 5760K, reserved 262144K
  class space    used 231K, capacity 580K, committed 640K, reserved 253952K
}
Event: 12.447 GC heap before
{Heap before GC invocations=1 (full 0):
 garbage-first heap   total 262144K, used 146265K [0x00000000e0000000, 0x0000000100000000)
  region size 1024K, 137 young (140288K), 2 survivors (2048K)
 Metaspace       used 18599K, capacity 19134K, committed 19328K, reserved 270336K
  class space    used 2675K, capacity 2891K, committed 2944K, reserved 253952K
}
Event: 12.481 GC heap after
{Heap after GC invocations=2 (full 0):
 garbage-first heap   total 262144K, used 17747K [0x00000000e0000000, 0x0000000100000000)
  region size 1024K, 12 young (12288K), 12 survivors (12288K)
 Metaspace       used 18599K, capacity 19134K, committed 19328K, reserved 270336K
  class space    used 2675K, capacity 2891K, committed 2944K, reserved 253952K
}
Event: 13.411 GC heap before
{Heap before GC invocations=2 (full 0):
 garbage-first heap   total 262144K, used 35155K [0x00000000e0000000, 0x0000000100000000)
  region size 1024K, 30 young (30720K), 12 survivors (12288K)
 Metaspace       used 20563K, capacity 21142K, committed 21296K, reserved 272384K
  class space    used 2988K, capacity 3200K, committed 3200K, reserved 253952K
}
Event: 13.449 GC heap after
{Heap after GC invocations=3 (full 0):
 garbage-first heap   total 262144K, used 18771K [0x00000000e0000000, 0x0000000100000000)
  region size 1024K, 2 young (2048K), 2 survivors (2048K)
 Metaspace       used 20563K, capacity 21142K, committed 21296K, reserved 272384K
  class space    used 2988K, capacity 3200K, committed 3200K, reserved 253952K
}
Event: 16.878 GC heap before
{Heap before GC invocations=4 (full 0):
 garbage-first heap   total 262144K, used 72019K [0x00000000e0000000, 0x0000000100000000)
  region size 1024K, 55 young (56320K), 2 survivors (2048K)
 Metaspace       used 27883K, capacity 28497K, committed 28720K, reserved 280576K
  class space    used 3682K, capacity 3922K, committed 3968K, reserved 253952K
}
Event: 16.889 GC heap after
{Heap after GC invocations=5 (full 0):
 garbage-first heap   total 262144K, used 20504K [0x00000000e0000000, 0x0000000100000000)
  region size 1024K, 3 young (3072K), 3 survivors (3072K)
 Metaspace       used 27883K, capacity 28497K, committed 28720K, reserved 280576K
  class space    used 3682K, capacity 3922K, committed 3968K, reserved 253952K
}
Event: 21.330 GC heap before
{Heap before GC invocations=5 (full 0):
 garbage-first heap   total 262144K, used 87064K [0x00000000e0000000, 0x0000000100000000)
  region size 1024K, 67 young (68608K), 3 survivors (3072K)
 Metaspace       used 34767K, capacity 35662K, committed 35708K, reserved 286720K
  class space    used 4478K, capacity 4767K, committed 4812K, reserved 253952K
}
Event: 21.368 GC heap after
{Heap after GC invocations=6 (full 0):
 garbage-first heap   total 262144K, used 24570K [0x00000000e0000000, 0x0000000100000000)
  region size 1024K, 7 young (7168K), 7 survivors (7168K)
 Metaspace       used 34767K, capacity 35662K, committed 35708K, reserved 286720K
  class space    used 4478K, capacity 4767K, committed 4812K, reserved 253952K
}
Event: 27.395 GC heap before
{Heap before GC invocations=7 (full 0):
 garbage-first heap   total 262144K, used 105466K [0x00000000e0000000, 0x0000000100000000)
  region size 1024K, 86 young (88064K), 7 survivors (7168K)
 Metaspace       used 41624K, capacity 42703K, committed 42748K, reserved 290816K
  class space    used 5533K, capacity 5933K, committed 5964K, reserved 253952K
}
Event: 27.485 GC heap after
{Heap after GC invocations=8 (full 0):
 garbage-first heap   total 262144K, used 30057K [0x00000000e0000000, 0x0000000100000000)
  region size 1024K, 10 young (10240K), 10 survivors (10240K)
 Metaspace       used 41624K, capacity 42703K, committed 42748K, reserved 290816K
  class space    used 5533K, capacity 5933K, committed 5964K, reserved 253952K
}
Event: 34.933 GC heap before
{Heap before GC invocations=8 (full 0):
 garbage-first heap   total 262144K, used 115049K [0x00000000e0000000, 0x0000000100000000)
  region size 1024K, 93 young (95232K), 10 survivors (10240K)
 Metaspace       used 53225K, capacity 54792K, committed 54908K, reserved 301056K
  class space    used 7161K, capacity 7800K, committed 7884K, reserved 253952K
}
Event: 34.993 GC heap after
{Heap after GC invocations=9 (full 0):
 garbage-first heap   total 262144K, used 36631K [0x00000000e0000000, 0x0000000100000000)
  region size 1024K, 12 young (12288K), 12 survivors (12288K)
 Metaspace       used 53225K, capacity 54792K, committed 54908K, reserved 301056K
  class space    used 7161K, capacity 7800K, committed 7884K, reserved 253952K
}
Event: 103.532 GC heap before
{Heap before GC invocations=9 (full 0):
 garbage-first heap   total 262144K, used 127767K [0x00000000e0000000, 0x0000000100000000)
  region size 1024K, 102 young (104448K), 12 survivors (12288K)
 Metaspace       used 57637K, capacity 59541K, committed 59772K, reserved 307200K
  class space    used 7624K, capacity 8286K, committed 8396K, reserved 253952K
}
Event: 103.575 GC heap after
{Heap after GC invocations=10 (full 0):
 garbage-first heap   total 262144K, used 39603K [0x00000000e0000000, 0x0000000100000000)
  region size 1024K, 10 young (10240K), 10 survivors (10240K)
 Metaspace       used 57637K, capacity 59541K, committed 59772K, reserved 307200K
  class space    used 7624K, capacity 8286K, committed 8396K, reserved 253952K
}
Event: 104.387 GC heap before
{Heap before GC invocations=10 (full 0):
 garbage-first heap   total 262144K, used 49843K [0x00000000e0000000, 0x0000000100000000)
  region size 1024K, 21 young (21504K), 10 survivors (10240K)
 Metaspace       used 57899K, capacity 59856K, committed 59940K, reserved 307200K
  class space    used 7654K, capacity 8343K, committed 8396K, reserved 253952K
}
Event: 104.438 GC heap after
{Heap after GC invocations=11 (full 0):
 garbage-first heap   total 262144K, used 40036K [0x00000000e0000000, 0x0000000100000000)
  region size 1024K, 4 young (4096K), 4 survivors (4096K)
 Metaspace       used 57899K, capacity 59856K, committed 59940K, reserved 307200K
  class space    used 7654K, capacity 8343K, committed 8396K, reserved 253952K
}

